{"C:\\Users\\user\\Desktop\\product_catalog\\src\\App.jsx": {"path":"C:\\Users\\user\\Desktop\\product_catalog\\src\\App.jsx","statementMap":{"0":{"start":{"line":9,"column":4},"end":{"line":24,"column":6}}},"fnMap":{"0":{"name":"App","decl":{"start":{"line":8,"column":9},"end":{"line":8,"column":12}},"loc":{"start":{"line":8,"column":15},"end":{"line":25,"column":1}},"line":8}},"branchMap":{},"s":{"0":0},"f":{"0":0},"b":{}}
,"C:\\Users\\user\\Desktop\\product_catalog\\src\\main.jsx": {"path":"C:\\Users\\user\\Desktop\\product_catalog\\src\\main.jsx","statementMap":{"0":{"start":{"line":6,"column":0},"end":{"line":10,"column":1}}},"fnMap":{},"branchMap":{},"s":{"0":0},"f":{},"b":{}}
,"C:\\Users\\user\\Desktop\\product_catalog\\src\\components\\CartItem.jsx": {"path":"C:\\Users\\user\\Desktop\\product_catalog\\src\\components\\CartItem.jsx","statementMap":{"0":{"start":{"line":4,"column":17},"end":{"line":31,"column":1}},"1":{"start":{"line":5,"column":2},"end":{"line":30,"column":4}},"2":{"start":{"line":22,"column":25},"end":{"line":22,"column":42}}},"fnMap":{"0":{"name":"(anonymous_0)","decl":{"start":{"line":4,"column":17},"end":{"line":4,"column":18}},"loc":{"start":{"line":4,"column":41},"end":{"line":31,"column":1}},"line":4},"1":{"name":"(anonymous_1)","decl":{"start":{"line":22,"column":19},"end":{"line":22,"column":20}},"loc":{"start":{"line":22,"column":25},"end":{"line":22,"column":42}},"line":22}},"branchMap":{},"s":{"0":0,"1":0,"2":0},"f":{"0":0,"1":0},"b":{}}
,"C:\\Users\\user\\Desktop\\product_catalog\\src\\components\\Footer.jsx": {"path":"C:\\Users\\user\\Desktop\\product_catalog\\src\\components\\Footer.jsx","statementMap":{"0":{"start":{"line":4,"column":15},"end":{"line":14,"column":1}},"1":{"start":{"line":5,"column":2},"end":{"line":13,"column":4}}},"fnMap":{"0":{"name":"(anonymous_0)","decl":{"start":{"line":4,"column":15},"end":{"line":4,"column":16}},"loc":{"start":{"line":4,"column":21},"end":{"line":14,"column":1}},"line":4}},"branchMap":{},"s":{"0":0,"1":0},"f":{"0":0},"b":{}}
,"C:\\Users\\user\\Desktop\\product_catalog\\src\\components\\Header.jsx": {"path":"C:\\Users\\user\\Desktop\\product_catalog\\src\\components\\Header.jsx","statementMap":{"0":{"start":{"line":5,"column":15},"end":{"line":26,"column":1}},"1":{"start":{"line":6,"column":2},"end":{"line":25,"column":4}}},"fnMap":{"0":{"name":"(anonymous_0)","decl":{"start":{"line":5,"column":15},"end":{"line":5,"column":16}},"loc":{"start":{"line":5,"column":21},"end":{"line":26,"column":1}},"line":5}},"branchMap":{},"s":{"0":1,"1":4},"f":{"0":4},"b":{},"_coverageSchema":"1a1c01bbd47fc00a2c39e90264f33305004495a9","hash":"acd9fc0d9c2bda01a32987c81d3835ec87f1b5a9"}
,"C:\\Users\\user\\Desktop\\product_catalog\\src\\components\\ProductCard.jsx": {"path":"C:\\Users\\user\\Desktop\\product_catalog\\src\\components\\ProductCard.jsx","statementMap":{"0":{"start":{"line":5,"column":20},"end":{"line":59,"column":1}},"1":{"start":{"line":6,"column":24},"end":{"line":6,"column":33}},"2":{"start":{"line":8,"column":26},"end":{"line":10,"column":3}},"3":{"start":{"line":9,"column":4},"end":{"line":9,"column":23}},"4":{"start":{"line":12,"column":2},"end":{"line":58,"column":4}}},"fnMap":{"0":{"name":"(anonymous_0)","decl":{"start":{"line":5,"column":20},"end":{"line":5,"column":21}},"loc":{"start":{"line":5,"column":37},"end":{"line":59,"column":1}},"line":5},"1":{"name":"(anonymous_1)","decl":{"start":{"line":8,"column":26},"end":{"line":8,"column":27}},"loc":{"start":{"line":8,"column":32},"end":{"line":10,"column":3}},"line":8}},"branchMap":{},"s":{"0":0,"1":0,"2":0,"3":0,"4":0},"f":{"0":0,"1":0},"b":{}}
,"C:\\Users\\user\\Desktop\\product_catalog\\src\\components\\ui\\avatar.jsx": {"path":"C:\\Users\\user\\Desktop\\product_catalog\\src\\components\\ui\\avatar.jsx","statementMap":{"0":{"start":{"line":6,"column":22},"end":{"line":18,"column":2}},"1":{"start":{"line":8,"column":4},"end":{"line":8,"column":9}},"2":{"start":{"line":9,"column":2},"end":{"line":17,"column":3}},"3":{"start":{"line":20,"column":23},"end":{"line":31,"column":2}},"4":{"start":{"line":21,"column":44},"end":{"line":21,"column":49}},"5":{"start":{"line":22,"column":2},"end":{"line":30,"column":3}},"6":{"start":{"line":34,"column":16},"end":{"line":34,"column":38}},"7":{"start":{"line":35,"column":20},"end":{"line":35,"column":52}},"8":{"start":{"line":36,"column":19},"end":{"line":36,"column":66}},"9":{"start":{"line":37,"column":2},"end":{"line":39,"column":25}},"10":{"start":{"line":42,"column":27},"end":{"line":49,"column":2}},"11":{"start":{"line":43,"column":49},"end":{"line":43,"column":54}},"12":{"start":{"line":44,"column":2},"end":{"line":48,"column":3}}},"fnMap":{"0":{"name":"Avatar","decl":{"start":{"line":6,"column":48},"end":{"line":6,"column":54}},"loc":{"start":{"line":6,"column":67},"end":{"line":18,"column":1}},"line":6},"1":{"name":"AvatarFallback","decl":{"start":{"line":20,"column":49},"end":{"line":20,"column":63}},"loc":{"start":{"line":20,"column":76},"end":{"line":31,"column":1}},"line":20},"2":{"name":"getInitials","decl":{"start":{"line":33,"column":9},"end":{"line":33,"column":20}},"loc":{"start":{"line":33,"column":27},"end":{"line":40,"column":1}},"line":33},"3":{"name":"AvatarGroup","decl":{"start":{"line":42,"column":53},"end":{"line":42,"column":64}},"loc":{"start":{"line":42,"column":77},"end":{"line":49,"column":1}},"line":42}},"branchMap":{"0":{"loc":{"start":{"line":25,"column":7},"end":{"line":25,"column":67}},"type":"binary-expr","locations":[{"start":{"line":25,"column":7},"end":{"line":25,"column":19}},{"start":{"line":25,"column":23},"end":{"line":25,"column":39}},{"start":{"line":25,"column":43},"end":{"line":25,"column":67}}],"line":25},"1":{"loc":{"start":{"line":26,"column":7},"end":{"line":28,"column":7}},"type":"binary-expr","locations":[{"start":{"line":26,"column":7},"end":{"line":26,"column":19}},{"start":{"line":26,"column":23},"end":{"line":26,"column":39}},{"start":{"line":27,"column":8},"end":{"line":27,"column":70}}],"line":26},"2":{"loc":{"start":{"line":35,"column":20},"end":{"line":35,"column":52}},"type":"cond-expr","locations":[{"start":{"line":35,"column":39},"end":{"line":35,"column":47}},{"start":{"line":35,"column":50},"end":{"line":35,"column":52}}],"line":35},"3":{"loc":{"start":{"line":36,"column":19},"end":{"line":36,"column":66}},"type":"cond-expr","locations":[{"start":{"line":36,"column":38},"end":{"line":36,"column":61}},{"start":{"line":36,"column":64},"end":{"line":36,"column":66}}],"line":36},"4":{"loc":{"start":{"line":37,"column":9},"end":{"line":39,"column":25}},"type":"cond-expr","locations":[{"start":{"line":38,"column":6},"end":{"line":38,"column":51}},{"start":{"line":39,"column":6},"end":{"line":39,"column":25}}],"line":37},"5":{"loc":{"start":{"line":37,"column":9},"end":{"line":37,"column":30}},"type":"binary-expr","locations":[{"start":{"line":37,"column":9},"end":{"line":37,"column":18}},{"start":{"line":37,"column":22},"end":{"line":37,"column":30}}],"line":37}},"s":{"0":0,"1":0,"2":0,"3":0,"4":0,"5":0,"6":0,"7":0,"8":0,"9":0,"10":0,"11":0,"12":0},"f":{"0":0,"1":0,"2":0,"3":0},"b":{"0":[0,0,0],"1":[0,0,0],"2":[0,0],"3":[0,0],"4":[0,0],"5":[0,0]}}
,"C:\\Users\\user\\Desktop\\product_catalog\\src\\components\\ui\\button.jsx": {"path":"C:\\Users\\user\\Desktop\\product_catalog\\src\\components\\ui\\button.jsx","statementMap":{"0":{"start":{"line":9,"column":22},"end":{"line":30,"column":2}},"1":{"start":{"line":10,"column":64},"end":{"line":10,"column":69}},"2":{"start":{"line":11,"column":2},"end":{"line":29,"column":3}}},"fnMap":{"0":{"name":"Button","decl":{"start":{"line":9,"column":48},"end":{"line":9,"column":54}},"loc":{"start":{"line":9,"column":67},"end":{"line":30,"column":1}},"line":9}},"branchMap":{"0":{"loc":{"start":{"line":12,"column":28},"end":{"line":12,"column":47}},"type":"binary-expr","locations":[{"start":{"line":12,"column":28},"end":{"line":12,"column":35}},{"start":{"line":12,"column":39},"end":{"line":12,"column":47}}],"line":12},"1":{"loc":{"start":{"line":13,"column":7},"end":{"line":27,"column":7}},"type":"cond-expr","locations":[{"start":{"line":14,"column":8},"end":{"line":19,"column":11}},{"start":{"line":20,"column":10},"end":{"line":27,"column":7}}],"line":13},"2":{"loc":{"start":{"line":13,"column":7},"end":{"line":13,"column":30}},"type":"binary-expr","locations":[{"start":{"line":13,"column":7},"end":{"line":13,"column":14}},{"start":{"line":13,"column":18},"end":{"line":13,"column":30}}],"line":13},"3":{"loc":{"start":{"line":20,"column":10},"end":{"line":27,"column":7}},"type":"cond-expr","locations":[{"start":{"line":21,"column":8},"end":{"line":24,"column":11}},{"start":{"line":26,"column":8},"end":{"line":26,"column":16}}],"line":20},"4":{"loc":{"start":{"line":20,"column":10},"end":{"line":20,"column":32}},"type":"binary-expr","locations":[{"start":{"line":20,"column":10},"end":{"line":20,"column":17}},{"start":{"line":20,"column":21},"end":{"line":20,"column":32}}],"line":20}},"s":{"0":0,"1":0,"2":0},"f":{"0":0},"b":{"0":[0,0],"1":[0,0],"2":[0,0],"3":[0,0],"4":[0,0]}}
,"C:\\Users\\user\\Desktop\\product_catalog\\src\\components\\ui\\checkbox.jsx": {"path":"C:\\Users\\user\\Desktop\\product_catalog\\src\\components\\ui\\checkbox.jsx","statementMap":{"0":{"start":{"line":4,"column":24},"end":{"line":17,"column":2}},"1":{"start":{"line":5,"column":59},"end":{"line":5,"column":64}},"2":{"start":{"line":6,"column":2},"end":{"line":16,"column":3}}},"fnMap":{"0":{"name":"Checkbox","decl":{"start":{"line":4,"column":50},"end":{"line":4,"column":58}},"loc":{"start":{"line":4,"column":71},"end":{"line":17,"column":1}},"line":4}},"branchMap":{"0":{"loc":{"start":{"line":10,"column":9},"end":{"line":10,"column":45}},"type":"binary-expr","locations":[{"start":{"line":10,"column":9},"end":{"line":10,"column":13}},{"start":{"line":10,"column":17},"end":{"line":10,"column":45}}],"line":10},"1":{"loc":{"start":{"line":12,"column":7},"end":{"line":14,"column":7}},"type":"binary-expr","locations":[{"start":{"line":12,"column":7},"end":{"line":12,"column":23}},{"start":{"line":13,"column":8},"end":{"line":13,"column":63}}],"line":12}},"s":{"0":0,"1":0,"2":0},"f":{"0":0},"b":{"0":[0,0],"1":[0,0]}}
,"C:\\Users\\user\\Desktop\\product_catalog\\src\\components\\ui\\close-button.jsx": {"path":"C:\\Users\\user\\Desktop\\product_catalog\\src\\components\\ui\\close-button.jsx","statementMap":{"0":{"start":{"line":2,"column":2},"end":{"line":6,"column":3}},"1":{"start":{"line":3,"column":4},"end":{"line":3,"column":14}},"2":{"start":{"line":5,"column":4},"end":{"line":5,"column":18}},"3":{"start":{"line":12,"column":27},"end":{"line":20,"column":2}},"4":{"start":{"line":13,"column":2},"end":{"line":19,"column":3}},"5":{"start":{"line":16,"column":8},"end":{"line":16,"column":15}}},"fnMap":{"0":{"name":"_nullishCoalesce","decl":{"start":{"line":1,"column":9},"end":{"line":1,"column":25}},"loc":{"start":{"line":1,"column":38},"end":{"line":7,"column":1}},"line":1},"1":{"name":"CloseButton","decl":{"start":{"line":12,"column":53},"end":{"line":12,"column":64}},"loc":{"start":{"line":12,"column":77},"end":{"line":20,"column":1}},"line":12},"2":{"name":"(anonymous_2)","decl":{"start":{"line":15,"column":40},"end":{"line":15,"column":41}},"loc":{"start":{"line":16,"column":8},"end":{"line":16,"column":15}},"line":16}},"branchMap":{"0":{"loc":{"start":{"line":2,"column":2},"end":{"line":6,"column":3}},"type":"if","locations":[{"start":{"line":2,"column":2},"end":{"line":6,"column":3}},{"start":{"line":4,"column":9},"end":{"line":6,"column":3}}],"line":2}},"s":{"0":0,"1":0,"2":0,"3":0,"4":0,"5":0},"f":{"0":0,"1":0,"2":0},"b":{"0":[0,0]}}
,"C:\\Users\\user\\Desktop\\product_catalog\\src\\components\\ui\\color-mode.jsx": {"path":"C:\\Users\\user\\Desktop\\product_catalog\\src\\components\\ui\\color-mode.jsx","statementMap":{"0":{"start":{"line":10,"column":2},"end":{"line":12,"column":3}},"1":{"start":{"line":16,"column":38},"end":{"line":16,"column":48}},"2":{"start":{"line":17,"column":26},"end":{"line":19,"column":3}},"3":{"start":{"line":18,"column":4},"end":{"line":18,"column":58}},"4":{"start":{"line":20,"column":2},"end":{"line":24,"column":3}},"5":{"start":{"line":28,"column":24},"end":{"line":28,"column":38}},"6":{"start":{"line":29,"column":2},"end":{"line":29,"column":45}},"7":{"start":{"line":33,"column":24},"end":{"line":33,"column":38}},"8":{"start":{"line":34,"column":2},"end":{"line":34,"column":55}},"9":{"start":{"line":37,"column":31},"end":{"line":61,"column":1}},"10":{"start":{"line":39,"column":32},"end":{"line":39,"column":46}},"11":{"start":{"line":40,"column":4},"end":{"line":59,"column":5}}},"fnMap":{"0":{"name":"ColorModeProvider","decl":{"start":{"line":9,"column":16},"end":{"line":9,"column":33}},"loc":{"start":{"line":9,"column":41},"end":{"line":13,"column":1}},"line":9},"1":{"name":"useColorMode","decl":{"start":{"line":15,"column":16},"end":{"line":15,"column":28}},"loc":{"start":{"line":15,"column":31},"end":{"line":25,"column":1}},"line":15},"2":{"name":"(anonymous_2)","decl":{"start":{"line":17,"column":26},"end":{"line":17,"column":27}},"loc":{"start":{"line":17,"column":32},"end":{"line":19,"column":3}},"line":17},"3":{"name":"useColorModeValue","decl":{"start":{"line":27,"column":16},"end":{"line":27,"column":33}},"loc":{"start":{"line":27,"column":47},"end":{"line":30,"column":1}},"line":27},"4":{"name":"ColorModeIcon","decl":{"start":{"line":32,"column":16},"end":{"line":32,"column":29}},"loc":{"start":{"line":32,"column":32},"end":{"line":35,"column":1}},"line":32},"5":{"name":"ColorModeButton","decl":{"start":{"line":38,"column":11},"end":{"line":38,"column":26}},"loc":{"start":{"line":38,"column":39},"end":{"line":60,"column":3}},"line":38}},"branchMap":{"0":{"loc":{"start":{"line":18,"column":13},"end":{"line":18,"column":57}},"type":"cond-expr","locations":[{"start":{"line":18,"column":41},"end":{"line":18,"column":47}},{"start":{"line":18,"column":50},"end":{"line":18,"column":57}}],"line":18},"1":{"loc":{"start":{"line":29,"column":9},"end":{"line":29,"column":45}},"type":"cond-expr","locations":[{"start":{"line":29,"column":33},"end":{"line":29,"column":38}},{"start":{"line":29,"column":41},"end":{"line":29,"column":45}}],"line":29},"2":{"loc":{"start":{"line":34,"column":9},"end":{"line":34,"column":55}},"type":"cond-expr","locations":[{"start":{"line":34,"column":33},"end":{"line":34,"column":42}},{"start":{"line":34,"column":45},"end":{"line":34,"column":55}}],"line":34}},"s":{"0":0,"1":0,"2":0,"3":0,"4":0,"5":0,"6":0,"7":0,"8":0,"9":0,"10":0,"11":0},"f":{"0":0,"1":0,"2":0,"3":0,"4":0,"5":0},"b":{"0":[0,0],"1":[0,0],"2":[0,0]}}
,"C:\\Users\\user\\Desktop\\product_catalog\\src\\components\\ui\\dialog.jsx": {"path":"C:\\Users\\user\\Desktop\\product_catalog\\src\\components\\ui\\dialog.jsx","statementMap":{"0":{"start":{"line":5,"column":29},"end":{"line":26,"column":1}},"1":{"start":{"line":13,"column":8},"end":{"line":13,"column":13}},"2":{"start":{"line":15,"column":4},"end":{"line":24,"column":5}},"3":{"start":{"line":28,"column":34},"end":{"line":44,"column":1}},"4":{"start":{"line":30,"column":4},"end":{"line":42,"column":5}},"5":{"start":{"line":46,"column":26},"end":{"line":46,"column":43}},"6":{"start":{"line":47,"column":28},"end":{"line":47,"column":47}},"7":{"start":{"line":48,"column":28},"end":{"line":48,"column":47}},"8":{"start":{"line":49,"column":26},"end":{"line":49,"column":43}},"9":{"start":{"line":50,"column":30},"end":{"line":50,"column":51}},"10":{"start":{"line":51,"column":27},"end":{"line":51,"column":45}},"11":{"start":{"line":52,"column":33},"end":{"line":52,"column":57}},"12":{"start":{"line":53,"column":29},"end":{"line":53,"column":49}},"13":{"start":{"line":54,"column":35},"end":{"line":54,"column":61}}},"fnMap":{"0":{"name":"DialogContent","decl":{"start":{"line":6,"column":11},"end":{"line":6,"column":24}},"loc":{"start":{"line":6,"column":37},"end":{"line":25,"column":3}},"line":6},"1":{"name":"DialogCloseTrigger","decl":{"start":{"line":29,"column":11},"end":{"line":29,"column":29}},"loc":{"start":{"line":29,"column":42},"end":{"line":43,"column":3}},"line":29}},"branchMap":{"0":{"loc":{"start":{"line":9,"column":6},"end":{"line":9,"column":22}},"type":"default-arg","locations":[{"start":{"line":9,"column":18},"end":{"line":9,"column":22}}],"line":9},"1":{"loc":{"start":{"line":11,"column":6},"end":{"line":11,"column":21}},"type":"default-arg","locations":[{"start":{"line":11,"column":17},"end":{"line":11,"column":21}}],"line":11},"2":{"loc":{"start":{"line":17,"column":9},"end":{"line":17,"column":46}},"type":"binary-expr","locations":[{"start":{"line":17,"column":9},"end":{"line":17,"column":17}},{"start":{"line":17,"column":21},"end":{"line":17,"column":46}}],"line":17}},"s":{"0":0,"1":0,"2":0,"3":0,"4":0,"5":0,"6":0,"7":0,"8":0,"9":0,"10":0,"11":0,"12":0,"13":0},"f":{"0":0,"1":0},"b":{"0":[0],"1":[0],"2":[0,0]}}
,"C:\\Users\\user\\Desktop\\product_catalog\\src\\components\\ui\\drawer.jsx": {"path":"C:\\Users\\user\\Desktop\\product_catalog\\src\\components\\ui\\drawer.jsx","statementMap":{"0":{"start":{"line":5,"column":29},"end":{"line":18,"column":1}},"1":{"start":{"line":7,"column":71},"end":{"line":7,"column":76}},"2":{"start":{"line":8,"column":4},"end":{"line":16,"column":5}},"3":{"start":{"line":20,"column":34},"end":{"line":34,"column":1}},"4":{"start":{"line":22,"column":4},"end":{"line":32,"column":5}},"5":{"start":{"line":36,"column":29},"end":{"line":36,"column":49}},"6":{"start":{"line":37,"column":26},"end":{"line":37,"column":43}},"7":{"start":{"line":38,"column":28},"end":{"line":38,"column":47}},"8":{"start":{"line":39,"column":28},"end":{"line":39,"column":47}},"9":{"start":{"line":40,"column":26},"end":{"line":40,"column":43}},"10":{"start":{"line":41,"column":30},"end":{"line":41,"column":51}},"11":{"start":{"line":42,"column":33},"end":{"line":42,"column":57}},"12":{"start":{"line":43,"column":27},"end":{"line":43,"column":45}},"13":{"start":{"line":44,"column":35},"end":{"line":44,"column":61}}},"fnMap":{"0":{"name":"DrawerContent","decl":{"start":{"line":6,"column":11},"end":{"line":6,"column":24}},"loc":{"start":{"line":6,"column":37},"end":{"line":17,"column":3}},"line":6},"1":{"name":"DrawerCloseTrigger","decl":{"start":{"line":21,"column":11},"end":{"line":21,"column":29}},"loc":{"start":{"line":21,"column":42},"end":{"line":33,"column":3}},"line":21}},"branchMap":{"0":{"loc":{"start":{"line":7,"column":22},"end":{"line":7,"column":38}},"type":"default-arg","locations":[{"start":{"line":7,"column":34},"end":{"line":7,"column":38}}],"line":7}},"s":{"0":0,"1":0,"2":0,"3":0,"4":0,"5":0,"6":0,"7":0,"8":0,"9":0,"10":0,"11":0,"12":0,"13":0},"f":{"0":0,"1":0},"b":{"0":[0]}}
,"C:\\Users\\user\\Desktop\\product_catalog\\src\\components\\ui\\field.jsx": {"path":"C:\\Users\\user\\Desktop\\product_catalog\\src\\components\\ui\\field.jsx","statementMap":{"0":{"start":{"line":4,"column":21},"end":{"line":22,"column":2}},"1":{"start":{"line":6,"column":4},"end":{"line":6,"column":9}},"2":{"start":{"line":7,"column":2},"end":{"line":21,"column":3}}},"fnMap":{"0":{"name":"Field","decl":{"start":{"line":4,"column":47},"end":{"line":4,"column":52}},"loc":{"start":{"line":4,"column":65},"end":{"line":22,"column":1}},"line":4}},"branchMap":{"0":{"loc":{"start":{"line":9,"column":7},"end":{"line":14,"column":7}},"type":"binary-expr","locations":[{"start":{"line":9,"column":7},"end":{"line":9,"column":12}},{"start":{"line":10,"column":8},"end":{"line":13,"column":28}}],"line":9},"1":{"loc":{"start":{"line":16,"column":7},"end":{"line":18,"column":7}},"type":"binary-expr","locations":[{"start":{"line":16,"column":7},"end":{"line":16,"column":17}},{"start":{"line":17,"column":8},"end":{"line":17,"column":69}}],"line":16},"2":{"loc":{"start":{"line":19,"column":7},"end":{"line":19,"column":78}},"type":"binary-expr","locations":[{"start":{"line":19,"column":7},"end":{"line":19,"column":16}},{"start":{"line":19,"column":20},"end":{"line":19,"column":78}}],"line":19}},"s":{"0":0,"1":0,"2":0},"f":{"0":0},"b":{"0":[0,0],"1":[0,0],"2":[0,0]}}
,"C:\\Users\\user\\Desktop\\product_catalog\\src\\components\\ui\\input-group.jsx": {"path":"C:\\Users\\user\\Desktop\\product_catalog\\src\\components\\ui\\input-group.jsx","statementMap":{"0":{"start":{"line":4,"column":26},"end":{"line":37,"column":2}},"1":{"start":{"line":14,"column":6},"end":{"line":14,"column":11}},"2":{"start":{"line":16,"column":2},"end":{"line":36,"column":3}}},"fnMap":{"0":{"name":"InputGroup","decl":{"start":{"line":4,"column":52},"end":{"line":4,"column":62}},"loc":{"start":{"line":4,"column":75},"end":{"line":37,"column":1}},"line":4}},"branchMap":{"0":{"loc":{"start":{"line":11,"column":4},"end":{"line":11,"column":23}},"type":"default-arg","locations":[{"start":{"line":11,"column":18},"end":{"line":11,"column":23}}],"line":11},"1":{"loc":{"start":{"line":12,"column":4},"end":{"line":12,"column":21}},"type":"default-arg","locations":[{"start":{"line":12,"column":16},"end":{"line":12,"column":21}}],"line":12},"2":{"loc":{"start":{"line":18,"column":7},"end":{"line":22,"column":7}},"type":"binary-expr","locations":[{"start":{"line":18,"column":7},"end":{"line":18,"column":19}},{"start":{"line":19,"column":8},"end":{"line":21,"column":23}}],"line":18},"3":{"loc":{"start":{"line":24,"column":12},"end":{"line":26,"column":9}},"type":"binary-expr","locations":[{"start":{"line":24,"column":12},"end":{"line":24,"column":24}},{"start":{"line":24,"column":28},"end":{"line":26,"column":9}}],"line":24},"4":{"loc":{"start":{"line":27,"column":12},"end":{"line":27,"column":76}},"type":"binary-expr","locations":[{"start":{"line":27,"column":12},"end":{"line":27,"column":22}},{"start":{"line":27,"column":26},"end":{"line":27,"column":76}}],"line":27},"5":{"loc":{"start":{"line":30,"column":7},"end":{"line":34,"column":7}},"type":"binary-expr","locations":[{"start":{"line":30,"column":7},"end":{"line":30,"column":17}},{"start":{"line":31,"column":8},"end":{"line":33,"column":23}}],"line":30}},"s":{"0":0,"1":0,"2":0},"f":{"0":0},"b":{"0":[0],"1":[0],"2":[0,0],"3":[0,0],"4":[0,0],"5":[0,0]}}
,"C:\\Users\\user\\Desktop\\product_catalog\\src\\components\\ui\\popover.jsx": {"path":"C:\\Users\\user\\Desktop\\product_catalog\\src\\components\\ui\\popover.jsx","statementMap":{"0":{"start":{"line":5,"column":30},"end":{"line":16,"column":1}},"1":{"start":{"line":7,"column":53},"end":{"line":7,"column":58}},"2":{"start":{"line":8,"column":4},"end":{"line":14,"column":5}},"3":{"start":{"line":18,"column":28},"end":{"line":24,"column":2}},"4":{"start":{"line":19,"column":2},"end":{"line":23,"column":3}},"5":{"start":{"line":26,"column":35},"end":{"line":41,"column":1}},"6":{"start":{"line":28,"column":4},"end":{"line":39,"column":5}},"7":{"start":{"line":43,"column":28},"end":{"line":43,"column":47}},"8":{"start":{"line":44,"column":34},"end":{"line":44,"column":59}},"9":{"start":{"line":45,"column":29},"end":{"line":45,"column":49}},"10":{"start":{"line":46,"column":29},"end":{"line":46,"column":49}},"11":{"start":{"line":47,"column":27},"end":{"line":47,"column":45}},"12":{"start":{"line":48,"column":27},"end":{"line":48,"column":45}},"13":{"start":{"line":49,"column":30},"end":{"line":49,"column":51}}},"fnMap":{"0":{"name":"PopoverContent","decl":{"start":{"line":6,"column":11},"end":{"line":6,"column":25}},"loc":{"start":{"line":6,"column":38},"end":{"line":15,"column":3}},"line":6},"1":{"name":"PopoverArrow","decl":{"start":{"line":18,"column":54},"end":{"line":18,"column":66}},"loc":{"start":{"line":18,"column":79},"end":{"line":24,"column":1}},"line":18},"2":{"name":"PopoverCloseTrigger","decl":{"start":{"line":27,"column":11},"end":{"line":27,"column":30}},"loc":{"start":{"line":27,"column":43},"end":{"line":40,"column":3}},"line":27}},"branchMap":{"0":{"loc":{"start":{"line":7,"column":12},"end":{"line":7,"column":28}},"type":"default-arg","locations":[{"start":{"line":7,"column":24},"end":{"line":7,"column":28}}],"line":7}},"s":{"0":0,"1":0,"2":0,"3":0,"4":0,"5":0,"6":0,"7":0,"8":0,"9":0,"10":0,"11":0,"12":0,"13":0},"f":{"0":0,"1":0,"2":0},"b":{"0":[0]}}
,"C:\\Users\\user\\Desktop\\product_catalog\\src\\components\\ui\\provider.jsx": {"path":"C:\\Users\\user\\Desktop\\product_catalog\\src\\components\\ui\\provider.jsx","statementMap":{"0":{"start":{"line":7,"column":2},"end":{"line":11,"column":3}}},"fnMap":{"0":{"name":"Provider","decl":{"start":{"line":6,"column":16},"end":{"line":6,"column":24}},"loc":{"start":{"line":6,"column":32},"end":{"line":12,"column":1}},"line":6}},"branchMap":{},"s":{"0":0},"f":{"0":0},"b":{}}
,"C:\\Users\\user\\Desktop\\product_catalog\\src\\components\\ui\\radio.jsx": {"path":"C:\\Users\\user\\Desktop\\product_catalog\\src\\components\\ui\\radio.jsx","statementMap":{"0":{"start":{"line":4,"column":21},"end":{"line":15,"column":2}},"1":{"start":{"line":5,"column":53},"end":{"line":5,"column":58}},"2":{"start":{"line":6,"column":2},"end":{"line":14,"column":3}},"3":{"start":{"line":17,"column":26},"end":{"line":17,"column":47}}},"fnMap":{"0":{"name":"Radio","decl":{"start":{"line":4,"column":47},"end":{"line":4,"column":52}},"loc":{"start":{"line":4,"column":65},"end":{"line":15,"column":1}},"line":4}},"branchMap":{"0":{"loc":{"start":{"line":10,"column":7},"end":{"line":12,"column":7}},"type":"binary-expr","locations":[{"start":{"line":10,"column":7},"end":{"line":10,"column":15}},{"start":{"line":11,"column":8},"end":{"line":11,"column":73}}],"line":10}},"s":{"0":0,"1":0,"2":0,"3":0},"f":{"0":0},"b":{"0":[0,0]}}
,"C:\\Users\\user\\Desktop\\product_catalog\\src\\components\\ui\\slider.jsx": {"path":"C:\\Users\\user\\Desktop\\product_catalog\\src\\components\\ui\\slider.jsx","statementMap":{"0":{"start":{"line":2,"column":2},"end":{"line":6,"column":3}},"1":{"start":{"line":3,"column":4},"end":{"line":3,"column":14}},"2":{"start":{"line":5,"column":4},"end":{"line":5,"column":18}},"3":{"start":{"line":9,"column":22},"end":{"line":9,"column":31}},"4":{"start":{"line":10,"column":14},"end":{"line":10,"column":20}},"5":{"start":{"line":11,"column":10},"end":{"line":11,"column":11}},"6":{"start":{"line":12,"column":2},"end":{"line":26,"column":3}},"7":{"start":{"line":13,"column":15},"end":{"line":13,"column":21}},"8":{"start":{"line":14,"column":15},"end":{"line":14,"column":25}},"9":{"start":{"line":15,"column":4},"end":{"line":15,"column":10}},"10":{"start":{"line":16,"column":4},"end":{"line":18,"column":5}},"11":{"start":{"line":17,"column":6},"end":{"line":17,"column":22}},"12":{"start":{"line":19,"column":4},"end":{"line":25,"column":5}},"13":{"start":{"line":20,"column":6},"end":{"line":20,"column":27}},"14":{"start":{"line":21,"column":6},"end":{"line":21,"column":23}},"15":{"start":{"line":22,"column":11},"end":{"line":25,"column":5}},"16":{"start":{"line":23,"column":6},"end":{"line":23,"column":65}},"17":{"start":{"line":23,"column":30},"end":{"line":23,"column":64}},"18":{"start":{"line":24,"column":6},"end":{"line":24,"column":31}},"19":{"start":{"line":27,"column":2},"end":{"line":27,"column":14}},"20":{"start":{"line":32,"column":22},"end":{"line":74,"column":2}},"21":{"start":{"line":33,"column":58},"end":{"line":33,"column":63}},"22":{"start":{"line":34,"column":16},"end":{"line":34,"column":71}},"23":{"start":{"line":34,"column":59},"end":{"line":34,"column":70}},"24":{"start":{"line":36,"column":16},"end":{"line":46,"column":4}},"25":{"start":{"line":39,"column":12},"end":{"line":39,"column":18}},"26":{"start":{"line":42,"column":6},"end":{"line":45,"column":8}},"27":{"start":{"line":43,"column":8},"end":{"line":43,"column":78}},"28":{"start":{"line":43,"column":38},"end":{"line":43,"column":78}},"29":{"start":{"line":44,"column":8},"end":{"line":44,"column":19}},"30":{"start":{"line":48,"column":23},"end":{"line":54,"column":4}},"31":{"start":{"line":51,"column":12},"end":{"line":51,"column":19}},"32":{"start":{"line":53,"column":12},"end":{"line":53,"column":36}},"33":{"start":{"line":53,"column":25},"end":{"line":53,"column":35}},"34":{"start":{"line":56,"column":2},"end":{"line":73,"column":3}},"35":{"start":{"line":77,"column":20},"end":{"line":77,"column":25}},"36":{"start":{"line":78,"column":2},"end":{"line":86,"column":3}},"37":{"start":{"line":81,"column":8},"end":{"line":83,"column":29}},"38":{"start":{"line":89,"column":20},"end":{"line":107,"column":2}},"39":{"start":{"line":90,"column":20},"end":{"line":90,"column":25}},"40":{"start":{"line":91,"column":2},"end":{"line":91,"column":80}},"41":{"start":{"line":91,"column":56},"end":{"line":91,"column":65}},"42":{"start":{"line":91,"column":69},"end":{"line":91,"column":80}},"43":{"start":{"line":93,"column":2},"end":{"line":106,"column":3}},"44":{"start":{"line":96,"column":22},"end":{"line":96,"column":66}},"45":{"start":{"line":97,"column":22},"end":{"line":97,"column":71}},"46":{"start":{"line":98,"column":8},"end":{"line":103,"column":9}}},"fnMap":{"0":{"name":"_nullishCoalesce","decl":{"start":{"line":1,"column":9},"end":{"line":1,"column":25}},"loc":{"start":{"line":1,"column":38},"end":{"line":7,"column":1}},"line":1},"1":{"name":"_optionalChain","decl":{"start":{"line":8,"column":9},"end":{"line":8,"column":23}},"loc":{"start":{"line":8,"column":29},"end":{"line":28,"column":1}},"line":8},"2":{"name":"(anonymous_2)","decl":{"start":{"line":23,"column":17},"end":{"line":23,"column":18}},"loc":{"start":{"line":23,"column":30},"end":{"line":23,"column":64}},"line":23},"3":{"name":"Slider","decl":{"start":{"line":32,"column":48},"end":{"line":32,"column":54}},"loc":{"start":{"line":32,"column":67},"end":{"line":74,"column":1}},"line":32},"4":{"name":"(anonymous_4)","decl":{"start":{"line":34,"column":53},"end":{"line":34,"column":54}},"loc":{"start":{"line":34,"column":59},"end":{"line":34,"column":70}},"line":34},"5":{"name":"(anonymous_5)","decl":{"start":{"line":39,"column":4},"end":{"line":39,"column":5}},"loc":{"start":{"line":39,"column":12},"end":{"line":39,"column":18}},"line":39},"6":{"name":"(anonymous_6)","decl":{"start":{"line":41,"column":4},"end":{"line":41,"column":5}},"loc":{"start":{"line":42,"column":6},"end":{"line":45,"column":8}},"line":42},"7":{"name":"(anonymous_7)","decl":{"start":{"line":42,"column":9},"end":{"line":42,"column":10}},"loc":{"start":{"line":42,"column":19},"end":{"line":45,"column":7}},"line":42},"8":{"name":"(anonymous_8)","decl":{"start":{"line":51,"column":4},"end":{"line":51,"column":5}},"loc":{"start":{"line":51,"column":12},"end":{"line":51,"column":19}},"line":51},"9":{"name":"(anonymous_9)","decl":{"start":{"line":53,"column":4},"end":{"line":53,"column":5}},"loc":{"start":{"line":53,"column":12},"end":{"line":53,"column":36}},"line":53},"10":{"name":"(anonymous_10)","decl":{"start":{"line":53,"column":15},"end":{"line":53,"column":16}},"loc":{"start":{"line":53,"column":25},"end":{"line":53,"column":35}},"line":53},"11":{"name":"SliderThumbs","decl":{"start":{"line":76,"column":9},"end":{"line":76,"column":21}},"loc":{"start":{"line":76,"column":29},"end":{"line":87,"column":1}},"line":76},"12":{"name":"(anonymous_12)","decl":{"start":{"line":80,"column":7},"end":{"line":80,"column":8}},"loc":{"start":{"line":81,"column":8},"end":{"line":83,"column":29}},"line":81},"13":{"name":"SliderMarks","decl":{"start":{"line":89,"column":46},"end":{"line":89,"column":57}},"loc":{"start":{"line":89,"column":70},"end":{"line":107,"column":1}},"line":89},"14":{"name":"(anonymous_14)","decl":{"start":{"line":91,"column":48},"end":{"line":91,"column":49}},"loc":{"start":{"line":91,"column":56},"end":{"line":91,"column":65}},"line":91},"15":{"name":"(anonymous_15)","decl":{"start":{"line":95,"column":17},"end":{"line":95,"column":18}},"loc":{"start":{"line":95,"column":34},"end":{"line":104,"column":7}},"line":95}},"branchMap":{"0":{"loc":{"start":{"line":2,"column":2},"end":{"line":6,"column":3}},"type":"if","locations":[{"start":{"line":2,"column":2},"end":{"line":6,"column":3}},{"start":{"line":4,"column":9},"end":{"line":6,"column":3}}],"line":2},"1":{"loc":{"start":{"line":16,"column":4},"end":{"line":18,"column":5}},"type":"if","locations":[{"start":{"line":16,"column":4},"end":{"line":18,"column":5}},{"start":{},"end":{}}],"line":16},"2":{"loc":{"start":{"line":16,"column":8},"end":{"line":16,"column":75}},"type":"binary-expr","locations":[{"start":{"line":16,"column":9},"end":{"line":16,"column":32}},{"start":{"line":16,"column":36},"end":{"line":16,"column":57}},{"start":{"line":16,"column":62},"end":{"line":16,"column":75}}],"line":16},"3":{"loc":{"start":{"line":19,"column":4},"end":{"line":25,"column":5}},"type":"if","locations":[{"start":{"line":19,"column":4},"end":{"line":25,"column":5}},{"start":{"line":22,"column":11},"end":{"line":25,"column":5}}],"line":19},"4":{"loc":{"start":{"line":19,"column":8},"end":{"line":19,"column":50}},"type":"binary-expr","locations":[{"start":{"line":19,"column":8},"end":{"line":19,"column":23}},{"start":{"line":19,"column":27},"end":{"line":19,"column":50}}],"line":19},"5":{"loc":{"start":{"line":22,"column":11},"end":{"line":25,"column":5}},"type":"if","locations":[{"start":{"line":22,"column":11},"end":{"line":25,"column":5}},{"start":{},"end":{}}],"line":22},"6":{"loc":{"start":{"line":22,"column":15},"end":{"line":22,"column":53}},"type":"binary-expr","locations":[{"start":{"line":22,"column":15},"end":{"line":22,"column":28}},{"start":{"line":22,"column":32},"end":{"line":22,"column":53}}],"line":22},"7":{"loc":{"start":{"line":43,"column":8},"end":{"line":43,"column":78}},"type":"if","locations":[{"start":{"line":43,"column":8},"end":{"line":43,"column":78}},{"start":{},"end":{}}],"line":43},"8":{"loc":{"start":{"line":58,"column":7},"end":{"line":58,"column":78}},"type":"binary-expr","locations":[{"start":{"line":58,"column":7},"end":{"line":58,"column":12}},{"start":{"line":58,"column":16},"end":{"line":58,"column":26}},{"start":{"line":58,"column":30},"end":{"line":58,"column":78}}],"line":58},"9":{"loc":{"start":{"line":59,"column":7},"end":{"line":64,"column":7}},"type":"binary-expr","locations":[{"start":{"line":59,"column":7},"end":{"line":59,"column":12}},{"start":{"line":59,"column":16},"end":{"line":59,"column":25}},{"start":{"line":60,"column":8},"end":{"line":63,"column":17}}],"line":59},"10":{"loc":{"start":{"line":65,"column":49},"end":{"line":65,"column":74}},"type":"binary-expr","locations":[{"start":{"line":65,"column":49},"end":{"line":65,"column":61}},{"start":{"line":65,"column":65},"end":{"line":65,"column":74}}],"line":65},"11":{"loc":{"start":{"line":91,"column":2},"end":{"line":91,"column":80}},"type":"if","locations":[{"start":{"line":91,"column":2},"end":{"line":91,"column":80}},{"start":{},"end":{}}],"line":91},"12":{"loc":{"start":{"line":96,"column":22},"end":{"line":96,"column":66}},"type":"cond-expr","locations":[{"start":{"line":96,"column":49},"end":{"line":96,"column":53}},{"start":{"line":96,"column":56},"end":{"line":96,"column":66}}],"line":96},"13":{"loc":{"start":{"line":97,"column":22},"end":{"line":97,"column":71}},"type":"cond-expr","locations":[{"start":{"line":97,"column":49},"end":{"line":97,"column":58}},{"start":{"line":97,"column":61},"end":{"line":97,"column":71}}],"line":97}},"s":{"0":0,"1":0,"2":0,"3":0,"4":0,"5":0,"6":0,"7":0,"8":0,"9":0,"10":0,"11":0,"12":0,"13":0,"14":0,"15":0,"16":0,"17":0,"18":0,"19":0,"20":0,"21":0,"22":0,"23":0,"24":0,"25":0,"26":0,"27":0,"28":0,"29":0,"30":0,"31":0,"32":0,"33":0,"34":0,"35":0,"36":0,"37":0,"38":0,"39":0,"40":0,"41":0,"42":0,"43":0,"44":0,"45":0,"46":0},"f":{"0":0,"1":0,"2":0,"3":0,"4":0,"5":0,"6":0,"7":0,"8":0,"9":0,"10":0,"11":0,"12":0,"13":0,"14":0,"15":0},"b":{"0":[0,0],"1":[0,0],"2":[0,0,0],"3":[0,0],"4":[0,0],"5":[0,0],"6":[0,0],"7":[0,0],"8":[0,0,0],"9":[0,0,0],"10":[0,0],"11":[0,0],"12":[0,0],"13":[0,0]}}
,"C:\\Users\\user\\Desktop\\product_catalog\\src\\components\\ui\\tooltip.jsx": {"path":"C:\\Users\\user\\Desktop\\product_catalog\\src\\components\\ui\\tooltip.jsx","statementMap":{"0":{"start":{"line":4,"column":23},"end":{"line":35,"column":2}},"1":{"start":{"line":14,"column":6},"end":{"line":14,"column":11}},"2":{"start":{"line":16,"column":2},"end":{"line":16,"column":31}},"3":{"start":{"line":16,"column":16},"end":{"line":16,"column":31}},"4":{"start":{"line":18,"column":2},"end":{"line":34,"column":3}}},"fnMap":{"0":{"name":"Tooltip","decl":{"start":{"line":4,"column":49},"end":{"line":4,"column":56}},"loc":{"start":{"line":4,"column":69},"end":{"line":35,"column":1}},"line":4}},"branchMap":{"0":{"loc":{"start":{"line":16,"column":2},"end":{"line":16,"column":31}},"type":"if","locations":[{"start":{"line":16,"column":2},"end":{"line":16,"column":31}},{"start":{},"end":{}}],"line":16},"1":{"loc":{"start":{"line":24,"column":13},"end":{"line":28,"column":13}},"type":"binary-expr","locations":[{"start":{"line":24,"column":13},"end":{"line":24,"column":22}},{"start":{"line":25,"column":14},"end":{"line":27,"column":36}}],"line":24}},"s":{"0":0,"1":0,"2":0,"3":0,"4":0},"f":{"0":0},"b":{"0":[0,0],"1":[0,0]}}
,"C:\\Users\\user\\Desktop\\product_catalog\\src\\context\\CartContext.jsx": {"path":"C:\\Users\\user\\Desktop\\product_catalog\\src\\context\\CartContext.jsx","statementMap":{"0":{"start":{"line":3,"column":20},"end":{"line":3,"column":35}},"1":{"start":{"line":5,"column":28},"end":{"line":25,"column":1}},"2":{"start":{"line":6,"column":28},"end":{"line":6,"column":40}},"3":{"start":{"line":8,"column":22},"end":{"line":10,"column":5}},"4":{"start":{"line":9,"column":8},"end":{"line":9,"column":46}},"5":{"start":{"line":9,"column":26},"end":{"line":9,"column":44}},"6":{"start":{"line":12,"column":27},"end":{"line":14,"column":5}},"7":{"start":{"line":13,"column":8},"end":{"line":13,"column":72}},"8":{"start":{"line":13,"column":26},"end":{"line":13,"column":70}},"9":{"start":{"line":13,"column":48},"end":{"line":13,"column":69}},"10":{"start":{"line":16,"column":22},"end":{"line":18,"column":5}},"11":{"start":{"line":17,"column":8},"end":{"line":17,"column":20}},"12":{"start":{"line":20,"column":4},"end":{"line":24,"column":6}},"13":{"start":{"line":27,"column":23},"end":{"line":27,"column":52}},"14":{"start":{"line":27,"column":29},"end":{"line":27,"column":52}}},"fnMap":{"0":{"name":"(anonymous_0)","decl":{"start":{"line":5,"column":28},"end":{"line":5,"column":29}},"loc":{"start":{"line":5,"column":46},"end":{"line":25,"column":1}},"line":5},"1":{"name":"(anonymous_1)","decl":{"start":{"line":8,"column":22},"end":{"line":8,"column":23}},"loc":{"start":{"line":8,"column":35},"end":{"line":10,"column":5}},"line":8},"2":{"name":"(anonymous_2)","decl":{"start":{"line":9,"column":16},"end":{"line":9,"column":17}},"loc":{"start":{"line":9,"column":26},"end":{"line":9,"column":44}},"line":9},"3":{"name":"(anonymous_3)","decl":{"start":{"line":12,"column":27},"end":{"line":12,"column":28}},"loc":{"start":{"line":12,"column":42},"end":{"line":14,"column":5}},"line":12},"4":{"name":"(anonymous_4)","decl":{"start":{"line":13,"column":16},"end":{"line":13,"column":17}},"loc":{"start":{"line":13,"column":26},"end":{"line":13,"column":70}},"line":13},"5":{"name":"(anonymous_5)","decl":{"start":{"line":13,"column":38},"end":{"line":13,"column":39}},"loc":{"start":{"line":13,"column":48},"end":{"line":13,"column":69}},"line":13},"6":{"name":"(anonymous_6)","decl":{"start":{"line":16,"column":22},"end":{"line":16,"column":23}},"loc":{"start":{"line":16,"column":28},"end":{"line":18,"column":5}},"line":16},"7":{"name":"(anonymous_7)","decl":{"start":{"line":27,"column":23},"end":{"line":27,"column":24}},"loc":{"start":{"line":27,"column":29},"end":{"line":27,"column":52}},"line":27}},"branchMap":{},"s":{"0":0,"1":0,"2":0,"3":0,"4":0,"5":0,"6":0,"7":0,"8":0,"9":0,"10":0,"11":0,"12":0,"13":0,"14":0},"f":{"0":0,"1":0,"2":0,"3":0,"4":0,"5":0,"6":0,"7":0},"b":{}}
,"C:\\Users\\user\\Desktop\\product_catalog\\src\\pages\\Cart.jsx": {"path":"C:\\Users\\user\\Desktop\\product_catalog\\src\\pages\\Cart.jsx","statementMap":{"0":{"start":{"line":13,"column":13},"end":{"line":62,"column":1}},"1":{"start":{"line":14,"column":46},"end":{"line":14,"column":55}},"2":{"start":{"line":16,"column":16},"end":{"line":16,"column":74}},"3":{"start":{"line":16,"column":43},"end":{"line":16,"column":59}},"4":{"start":{"line":18,"column":2},"end":{"line":61,"column":4}},"5":{"start":{"line":28,"column":10},"end":{"line":40,"column":21}},"6":{"start":{"line":34,"column":31},"end":{"line":34,"column":54}}},"fnMap":{"0":{"name":"(anonymous_0)","decl":{"start":{"line":13,"column":13},"end":{"line":13,"column":14}},"loc":{"start":{"line":13,"column":19},"end":{"line":62,"column":1}},"line":13},"1":{"name":"(anonymous_1)","decl":{"start":{"line":16,"column":28},"end":{"line":16,"column":29}},"loc":{"start":{"line":16,"column":43},"end":{"line":16,"column":59}},"line":16},"2":{"name":"(anonymous_2)","decl":{"start":{"line":27,"column":18},"end":{"line":27,"column":19}},"loc":{"start":{"line":28,"column":10},"end":{"line":40,"column":21}},"line":28},"3":{"name":"(anonymous_3)","decl":{"start":{"line":34,"column":25},"end":{"line":34,"column":26}},"loc":{"start":{"line":34,"column":31},"end":{"line":34,"column":54}},"line":34}},"branchMap":{},"s":{"0":0,"1":0,"2":0,"3":0,"4":0,"5":0,"6":0},"f":{"0":0,"1":0,"2":0,"3":0},"b":{}}
,"C:\\Users\\user\\Desktop\\product_catalog\\src\\pages\\Home.jsx": {"path":"C:\\Users\\user\\Desktop\\product_catalog\\src\\pages\\Home.jsx","statementMap":{"0":{"start":{"line":16,"column":13},"end":{"line":116,"column":1}},"1":{"start":{"line":17,"column":34},"end":{"line":17,"column":46}},"2":{"start":{"line":18,"column":50},"end":{"line":18,"column":62}},"3":{"start":{"line":19,"column":34},"end":{"line":19,"column":49}},"4":{"start":{"line":20,"column":36},"end":{"line":20,"column":52}},"5":{"start":{"line":22,"column":2},"end":{"line":27,"column":9}},"6":{"start":{"line":23,"column":4},"end":{"line":26,"column":7}},"7":{"start":{"line":24,"column":6},"end":{"line":24,"column":33}},"8":{"start":{"line":25,"column":6},"end":{"line":25,"column":41}},"9":{"start":{"line":29,"column":2},"end":{"line":47,"column":38}},"10":{"start":{"line":30,"column":26},"end":{"line":30,"column":39}},"11":{"start":{"line":33,"column":4},"end":{"line":37,"column":5}},"12":{"start":{"line":34,"column":6},"end":{"line":36,"column":8}},"13":{"start":{"line":35,"column":21},"end":{"line":35,"column":50}},"14":{"start":{"line":40,"column":4},"end":{"line":44,"column":5}},"15":{"start":{"line":41,"column":6},"end":{"line":41,"column":56}},"16":{"start":{"line":41,"column":37},"end":{"line":41,"column":54}},"17":{"start":{"line":42,"column":11},"end":{"line":44,"column":5}},"18":{"start":{"line":43,"column":6},"end":{"line":43,"column":56}},"19":{"start":{"line":43,"column":37},"end":{"line":43,"column":54}},"20":{"start":{"line":46,"column":4},"end":{"line":46,"column":41}},"21":{"start":{"line":49,"column":2},"end":{"line":115,"column":4}},"22":{"start":{"line":64,"column":37},"end":{"line":64,"column":55}},"23":{"start":{"line":67,"column":37},"end":{"line":67,"column":66}},"24":{"start":{"line":70,"column":37},"end":{"line":70,"column":68}},"25":{"start":{"line":73,"column":37},"end":{"line":73,"column":60}},"26":{"start":{"line":74,"column":37},"end":{"line":74,"column":63}},"27":{"start":{"line":95,"column":37},"end":{"line":95,"column":57}},"28":{"start":{"line":98,"column":37},"end":{"line":98,"column":56}},"29":{"start":{"line":101,"column":37},"end":{"line":101,"column":57}},"30":{"start":{"line":111,"column":10},"end":{"line":111,"column":60}}},"fnMap":{"0":{"name":"(anonymous_0)","decl":{"start":{"line":16,"column":13},"end":{"line":16,"column":14}},"loc":{"start":{"line":16,"column":19},"end":{"line":116,"column":1}},"line":16},"1":{"name":"(anonymous_1)","decl":{"start":{"line":22,"column":12},"end":{"line":22,"column":13}},"loc":{"start":{"line":22,"column":18},"end":{"line":27,"column":3}},"line":22},"2":{"name":"(anonymous_2)","decl":{"start":{"line":23,"column":56},"end":{"line":23,"column":57}},"loc":{"start":{"line":23,"column":70},"end":{"line":26,"column":5}},"line":23},"3":{"name":"(anonymous_3)","decl":{"start":{"line":29,"column":12},"end":{"line":29,"column":13}},"loc":{"start":{"line":29,"column":18},"end":{"line":47,"column":3}},"line":29},"4":{"name":"(anonymous_4)","decl":{"start":{"line":35,"column":8},"end":{"line":35,"column":9}},"loc":{"start":{"line":35,"column":21},"end":{"line":35,"column":50}},"line":35},"5":{"name":"(anonymous_5)","decl":{"start":{"line":41,"column":27},"end":{"line":41,"column":28}},"loc":{"start":{"line":41,"column":37},"end":{"line":41,"column":54}},"line":41},"6":{"name":"(anonymous_6)","decl":{"start":{"line":43,"column":27},"end":{"line":43,"column":28}},"loc":{"start":{"line":43,"column":37},"end":{"line":43,"column":54}},"line":43},"7":{"name":"(anonymous_7)","decl":{"start":{"line":64,"column":31},"end":{"line":64,"column":32}},"loc":{"start":{"line":64,"column":37},"end":{"line":64,"column":55}},"line":64},"8":{"name":"(anonymous_8)","decl":{"start":{"line":67,"column":31},"end":{"line":67,"column":32}},"loc":{"start":{"line":67,"column":37},"end":{"line":67,"column":66}},"line":67},"9":{"name":"(anonymous_9)","decl":{"start":{"line":70,"column":31},"end":{"line":70,"column":32}},"loc":{"start":{"line":70,"column":37},"end":{"line":70,"column":68}},"line":70},"10":{"name":"(anonymous_10)","decl":{"start":{"line":73,"column":31},"end":{"line":73,"column":32}},"loc":{"start":{"line":73,"column":37},"end":{"line":73,"column":60}},"line":73},"11":{"name":"(anonymous_11)","decl":{"start":{"line":74,"column":31},"end":{"line":74,"column":32}},"loc":{"start":{"line":74,"column":37},"end":{"line":74,"column":63}},"line":74},"12":{"name":"(anonymous_12)","decl":{"start":{"line":95,"column":31},"end":{"line":95,"column":32}},"loc":{"start":{"line":95,"column":37},"end":{"line":95,"column":57}},"line":95},"13":{"name":"(anonymous_13)","decl":{"start":{"line":98,"column":31},"end":{"line":98,"column":32}},"loc":{"start":{"line":98,"column":37},"end":{"line":98,"column":56}},"line":98},"14":{"name":"(anonymous_14)","decl":{"start":{"line":101,"column":31},"end":{"line":101,"column":32}},"loc":{"start":{"line":101,"column":37},"end":{"line":101,"column":57}},"line":101},"15":{"name":"(anonymous_15)","decl":{"start":{"line":110,"column":30},"end":{"line":110,"column":31}},"loc":{"start":{"line":111,"column":10},"end":{"line":111,"column":60}},"line":111}},"branchMap":{"0":{"loc":{"start":{"line":33,"column":4},"end":{"line":37,"column":5}},"type":"if","locations":[{"start":{"line":33,"column":4},"end":{"line":37,"column":5}},{"start":{},"end":{}}],"line":33},"1":{"loc":{"start":{"line":40,"column":4},"end":{"line":44,"column":5}},"type":"if","locations":[{"start":{"line":40,"column":4},"end":{"line":44,"column":5}},{"start":{"line":42,"column":11},"end":{"line":44,"column":5}}],"line":40},"2":{"loc":{"start":{"line":42,"column":11},"end":{"line":44,"column":5}},"type":"if","locations":[{"start":{"line":42,"column":11},"end":{"line":44,"column":5}},{"start":{},"end":{}}],"line":42},"3":{"loc":{"start":{"line":61,"column":13},"end":{"line":61,"column":62}},"type":"cond-expr","locations":[{"start":{"line":61,"column":34},"end":{"line":61,"column":51}},{"start":{"line":61,"column":54},"end":{"line":61,"column":62}}],"line":61},"4":{"loc":{"start":{"line":88,"column":13},"end":{"line":92,"column":38}},"type":"cond-expr","locations":[{"start":{"line":89,"column":16},"end":{"line":89,"column":31}},{"start":{"line":90,"column":16},"end":{"line":92,"column":38}}],"line":88},"5":{"loc":{"start":{"line":90,"column":16},"end":{"line":92,"column":38}},"type":"cond-expr","locations":[{"start":{"line":91,"column":18},"end":{"line":91,"column":38}},{"start":{"line":92,"column":18},"end":{"line":92,"column":38}}],"line":90}},"s":{"0":0,"1":0,"2":0,"3":0,"4":0,"5":0,"6":0,"7":0,"8":0,"9":0,"10":0,"11":0,"12":0,"13":0,"14":0,"15":0,"16":0,"17":0,"18":0,"19":0,"20":0,"21":0,"22":0,"23":0,"24":0,"25":0,"26":0,"27":0,"28":0,"29":0,"30":0},"f":{"0":0,"1":0,"2":0,"3":0,"4":0,"5":0,"6":0,"7":0,"8":0,"9":0,"10":0,"11":0,"12":0,"13":0,"14":0,"15":0},"b":{"0":[0,0],"1":[0,0],"2":[0,0],"3":[0,0],"4":[0,0],"5":[0,0]}}
}
