TN:
SF:src\App.jsx
FN:8,App
FNF:1
FNH:0
FNDA:0,App
DA:9,0
LF:1
LH:0
BRF:0
BRH:0
end_of_record
TN:
SF:src\main.jsx
FNF:0
FNH:0
DA:6,0
LF:1
LH:0
BRF:0
BRH:0
end_of_record
TN:
SF:src\components\CartItem.jsx
FN:4,(anonymous_0)
FN:22,(anonymous_1)
FNF:2
FNH:0
FNDA:0,(anonymous_0)
FNDA:0,(anonymous_1)
DA:4,0
DA:5,0
DA:22,0
LF:3
LH:0
BRF:0
BRH:0
end_of_record
TN:
SF:src\components\Footer.jsx
FN:4,(anonymous_0)
FNF:1
FNH:0
FNDA:0,(anonymous_0)
DA:4,0
DA:5,0
LF:2
LH:0
BRF:0
BRH:0
end_of_record
TN:
SF:src\components\Header.jsx
FN:5,(anonymous_0)
FNF:1
FNH:1
FNDA:4,(anonymous_0)
DA:5,1
DA:6,4
LF:2
LH:2
BRF:0
BRH:0
end_of_record
TN:
SF:src\components\ProductCard.jsx
FN:5,(anonymous_0)
FN:8,(anonymous_1)
FNF:2
FNH:0
FNDA:0,(anonymous_0)
FNDA:0,(anonymous_1)
DA:5,0
DA:6,0
DA:8,0
DA:9,0
DA:12,0
LF:5
LH:0
BRF:0
BRH:0
end_of_record
TN:
SF:src\components\ui\avatar.jsx
FN:6,Avatar
FN:20,AvatarFallback
FN:33,getInitials
FN:42,AvatarGroup
FNF:4
FNH:0
FNDA:0,Avatar
FNDA:0,AvatarFallback
FNDA:0,getInitials
FNDA:0,AvatarGroup
DA:6,0
DA:8,0
DA:9,0
DA:20,0
DA:21,0
DA:22,0
DA:34,0
DA:35,0
DA:36,0
DA:37,0
DA:42,0
DA:43,0
DA:44,0
LF:13
LH:0
BRDA:25,0,0,0
BRDA:25,0,1,0
BRDA:25,0,2,0
BRDA:26,1,0,0
BRDA:26,1,1,0
BRDA:26,1,2,0
BRDA:35,2,0,0
BRDA:35,2,1,0
BRDA:36,3,0,0
BRDA:36,3,1,0
BRDA:37,4,0,0
BRDA:37,4,1,0
BRDA:37,5,0,0
BRDA:37,5,1,0
BRF:14
BRH:0
end_of_record
TN:
SF:src\components\ui\button.jsx
FN:9,Button
FNF:1
FNH:0
FNDA:0,Button
DA:9,0
DA:10,0
DA:11,0
LF:3
LH:0
BRDA:12,0,0,0
BRDA:12,0,1,0
BRDA:13,1,0,0
BRDA:13,1,1,0
BRDA:13,2,0,0
BRDA:13,2,1,0
BRDA:20,3,0,0
BRDA:20,3,1,0
BRDA:20,4,0,0
BRDA:20,4,1,0
BRF:10
BRH:0
end_of_record
TN:
SF:src\components\ui\checkbox.jsx
FN:4,Checkbox
FNF:1
FNH:0
FNDA:0,Checkbox
DA:4,0
DA:5,0
DA:6,0
LF:3
LH:0
BRDA:10,0,0,0
BRDA:10,0,1,0
BRDA:12,1,0,0
BRDA:12,1,1,0
BRF:4
BRH:0
end_of_record
TN:
SF:src\components\ui\close-button.jsx
FN:1,_nullishCoalesce
FN:12,CloseButton
FN:15,(anonymous_2)
FNF:3
FNH:0
FNDA:0,_nullishCoalesce
FNDA:0,CloseButton
FNDA:0,(anonymous_2)
DA:2,0
DA:3,0
DA:5,0
DA:12,0
DA:13,0
DA:16,0
LF:6
LH:0
BRDA:2,0,0,0
BRDA:2,0,1,0
BRF:2
BRH:0
end_of_record
TN:
SF:src\components\ui\color-mode.jsx
FN:9,ColorModeProvider
FN:15,useColorMode
FN:17,(anonymous_2)
FN:27,useColorModeValue
FN:32,ColorModeIcon
FN:38,ColorModeButton
FNF:6
FNH:0
FNDA:0,ColorModeProvider
FNDA:0,useColorMode
FNDA:0,(anonymous_2)
FNDA:0,useColorModeValue
FNDA:0,ColorModeIcon
FNDA:0,ColorModeButton
DA:10,0
DA:16,0
DA:17,0
DA:18,0
DA:20,0
DA:28,0
DA:29,0
DA:33,0
DA:34,0
DA:37,0
DA:39,0
DA:40,0
LF:12
LH:0
BRDA:18,0,0,0
BRDA:18,0,1,0
BRDA:29,1,0,0
BRDA:29,1,1,0
BRDA:34,2,0,0
BRDA:34,2,1,0
BRF:6
BRH:0
end_of_record
TN:
SF:src\components\ui\dialog.jsx
FN:6,DialogContent
FN:29,DialogCloseTrigger
FNF:2
FNH:0
FNDA:0,DialogContent
FNDA:0,DialogCloseTrigger
DA:5,0
DA:13,0
DA:15,0
DA:28,0
DA:30,0
DA:46,0
DA:47,0
DA:48,0
DA:49,0
DA:50,0
DA:51,0
DA:52,0
DA:53,0
DA:54,0
LF:14
LH:0
BRDA:9,0,0,0
BRDA:11,1,0,0
BRDA:17,2,0,0
BRDA:17,2,1,0
BRF:4
BRH:0
end_of_record
TN:
SF:src\components\ui\drawer.jsx
FN:6,DrawerContent
FN:21,DrawerCloseTrigger
FNF:2
FNH:0
FNDA:0,DrawerContent
FNDA:0,DrawerCloseTrigger
DA:5,0
DA:7,0
DA:8,0
DA:20,0
DA:22,0
DA:36,0
DA:37,0
DA:38,0
DA:39,0
DA:40,0
DA:41,0
DA:42,0
DA:43,0
DA:44,0
LF:14
LH:0
BRDA:7,0,0,0
BRF:1
BRH:0
end_of_record
TN:
SF:src\components\ui\field.jsx
FN:4,Field
FNF:1
FNH:0
FNDA:0,Field
DA:4,0
DA:6,0
DA:7,0
LF:3
LH:0
BRDA:9,0,0,0
BRDA:9,0,1,0
BRDA:16,1,0,0
BRDA:16,1,1,0
BRDA:19,2,0,0
BRDA:19,2,1,0
BRF:6
BRH:0
end_of_record
TN:
SF:src\components\ui\input-group.jsx
FN:4,InputGroup
FNF:1
FNH:0
FNDA:0,InputGroup
DA:4,0
DA:14,0
DA:16,0
LF:3
LH:0
BRDA:11,0,0,0
BRDA:12,1,0,0
BRDA:18,2,0,0
BRDA:18,2,1,0
BRDA:24,3,0,0
BRDA:24,3,1,0
BRDA:27,4,0,0
BRDA:27,4,1,0
BRDA:30,5,0,0
BRDA:30,5,1,0
BRF:10
BRH:0
end_of_record
TN:
SF:src\components\ui\popover.jsx
FN:6,PopoverContent
FN:18,PopoverArrow
FN:27,PopoverCloseTrigger
FNF:3
FNH:0
FNDA:0,PopoverContent
FNDA:0,PopoverArrow
FNDA:0,PopoverCloseTrigger
DA:5,0
DA:7,0
DA:8,0
DA:18,0
DA:19,0
DA:26,0
DA:28,0
DA:43,0
DA:44,0
DA:45,0
DA:46,0
DA:47,0
DA:48,0
DA:49,0
LF:14
LH:0
BRDA:7,0,0,0
BRF:1
BRH:0
end_of_record
TN:
SF:src\components\ui\provider.jsx
FN:6,Provider
FNF:1
FNH:0
FNDA:0,Provider
DA:7,0
LF:1
LH:0
BRF:0
BRH:0
end_of_record
TN:
SF:src\components\ui\radio.jsx
FN:4,Radio
FNF:1
FNH:0
FNDA:0,Radio
DA:4,0
DA:5,0
DA:6,0
DA:17,0
LF:4
LH:0
BRDA:10,0,0,0
BRDA:10,0,1,0
BRF:2
BRH:0
end_of_record
TN:
SF:src\components\ui\slider.jsx
FN:1,_nullishCoalesce
FN:8,_optionalChain
FN:23,(anonymous_2)
FN:32,Slider
FN:34,(anonymous_4)
FN:39,(anonymous_5)
FN:41,(anonymous_6)
FN:42,(anonymous_7)
FN:51,(anonymous_8)
FN:53,(anonymous_9)
FN:53,(anonymous_10)
FN:76,SliderThumbs
FN:80,(anonymous_12)
FN:89,SliderMarks
FN:91,(anonymous_14)
FN:95,(anonymous_15)
FNF:16
FNH:0
FNDA:0,_nullishCoalesce
FNDA:0,_optionalChain
FNDA:0,(anonymous_2)
FNDA:0,Slider
FNDA:0,(anonymous_4)
FNDA:0,(anonymous_5)
FNDA:0,(anonymous_6)
FNDA:0,(anonymous_7)
FNDA:0,(anonymous_8)
FNDA:0,(anonymous_9)
FNDA:0,(anonymous_10)
FNDA:0,SliderThumbs
FNDA:0,(anonymous_12)
FNDA:0,SliderMarks
FNDA:0,(anonymous_14)
FNDA:0,(anonymous_15)
DA:2,0
DA:3,0
DA:5,0
DA:9,0
DA:10,0
DA:11,0
DA:12,0
DA:13,0
DA:14,0
DA:15,0
DA:16,0
DA:17,0
DA:19,0
DA:20,0
DA:21,0
DA:22,0
DA:23,0
DA:24,0
DA:27,0
DA:32,0
DA:33,0
DA:34,0
DA:36,0
DA:39,0
DA:42,0
DA:43,0
DA:44,0
DA:48,0
DA:51,0
DA:53,0
DA:56,0
DA:77,0
DA:78,0
DA:81,0
DA:89,0
DA:90,0
DA:91,0
DA:93,0
DA:96,0
DA:97,0
DA:98,0
LF:41
LH:0
BRDA:2,0,0,0
BRDA:2,0,1,0
BRDA:16,1,0,0
BRDA:16,1,1,0
BRDA:16,2,0,0
BRDA:16,2,1,0
BRDA:16,2,2,0
BRDA:19,3,0,0
BRDA:19,3,1,0
BRDA:19,4,0,0
BRDA:19,4,1,0
BRDA:22,5,0,0
BRDA:22,5,1,0
BRDA:22,6,0,0
BRDA:22,6,1,0
BRDA:43,7,0,0
BRDA:43,7,1,0
BRDA:58,8,0,0
BRDA:58,8,1,0
BRDA:58,8,2,0
BRDA:59,9,0,0
BRDA:59,9,1,0
BRDA:59,9,2,0
BRDA:65,10,0,0
BRDA:65,10,1,0
BRDA:91,11,0,0
BRDA:91,11,1,0
BRDA:96,12,0,0
BRDA:96,12,1,0
BRDA:97,13,0,0
BRDA:97,13,1,0
BRF:31
BRH:0
end_of_record
TN:
SF:src\components\ui\tooltip.jsx
FN:4,Tooltip
FNF:1
FNH:0
FNDA:0,Tooltip
DA:4,0
DA:14,0
DA:16,0
DA:18,0
LF:4
LH:0
BRDA:16,0,0,0
BRDA:16,0,1,0
BRDA:24,1,0,0
BRDA:24,1,1,0
BRF:4
BRH:0
end_of_record
TN:
SF:src\context\CartContext.jsx
FN:5,(anonymous_0)
FN:8,(anonymous_1)
FN:9,(anonymous_2)
FN:12,(anonymous_3)
FN:13,(anonymous_4)
FN:13,(anonymous_5)
FN:16,(anonymous_6)
FN:27,(anonymous_7)
FNF:8
FNH:0
FNDA:0,(anonymous_0)
FNDA:0,(anonymous_1)
FNDA:0,(anonymous_2)
FNDA:0,(anonymous_3)
FNDA:0,(anonymous_4)
FNDA:0,(anonymous_5)
FNDA:0,(anonymous_6)
FNDA:0,(anonymous_7)
DA:3,0
DA:5,0
DA:6,0
DA:8,0
DA:9,0
DA:12,0
DA:13,0
DA:16,0
DA:17,0
DA:20,0
DA:27,0
LF:11
LH:0
BRF:0
BRH:0
end_of_record
TN:
SF:src\pages\Cart.jsx
FN:13,(anonymous_0)
FN:16,(anonymous_1)
FN:27,(anonymous_2)
FN:34,(anonymous_3)
FNF:4
FNH:0
FNDA:0,(anonymous_0)
FNDA:0,(anonymous_1)
FNDA:0,(anonymous_2)
FNDA:0,(anonymous_3)
DA:13,0
DA:14,0
DA:16,0
DA:18,0
DA:28,0
DA:34,0
LF:6
LH:0
BRF:0
BRH:0
end_of_record
TN:
SF:src\pages\Home.jsx
FN:16,(anonymous_0)
FN:22,(anonymous_1)
FN:23,(anonymous_2)
FN:29,(anonymous_3)
FN:35,(anonymous_4)
FN:41,(anonymous_5)
FN:43,(anonymous_6)
FN:64,(anonymous_7)
FN:67,(anonymous_8)
FN:70,(anonymous_9)
FN:73,(anonymous_10)
FN:74,(anonymous_11)
FN:95,(anonymous_12)
FN:98,(anonymous_13)
FN:101,(anonymous_14)
FN:110,(anonymous_15)
FNF:16
FNH:0
FNDA:0,(anonymous_0)
FNDA:0,(anonymous_1)
FNDA:0,(anonymous_2)
FNDA:0,(anonymous_3)
FNDA:0,(anonymous_4)
FNDA:0,(anonymous_5)
FNDA:0,(anonymous_6)
FNDA:0,(anonymous_7)
FNDA:0,(anonymous_8)
FNDA:0,(anonymous_9)
FNDA:0,(anonymous_10)
FNDA:0,(anonymous_11)
FNDA:0,(anonymous_12)
FNDA:0,(anonymous_13)
FNDA:0,(anonymous_14)
FNDA:0,(anonymous_15)
DA:16,0
DA:17,0
DA:18,0
DA:19,0
DA:20,0
DA:22,0
DA:23,0
DA:24,0
DA:25,0
DA:29,0
DA:30,0
DA:33,0
DA:34,0
DA:35,0
DA:40,0
DA:41,0
DA:42,0
DA:43,0
DA:46,0
DA:49,0
DA:64,0
DA:67,0
DA:70,0
DA:73,0
DA:74,0
DA:95,0
DA:98,0
DA:101,0
DA:111,0
LF:29
LH:0
BRDA:33,0,0,0
BRDA:33,0,1,0
BRDA:40,1,0,0
BRDA:40,1,1,0
BRDA:42,2,0,0
BRDA:42,2,1,0
BRDA:61,3,0,0
BRDA:61,3,1,0
BRDA:88,4,0,0
BRDA:88,4,1,0
BRDA:90,5,0,0
BRDA:90,5,1,0
BRF:12
BRH:0
end_of_record
